<?xml version="1.0" encoding="UTF-8"?>
<!-- Generated by org.testng.reporters.JUnitXMLReporter -->
<testsuite ignored="0" hostname="pitambar-Vostro-15-3568" failures="0" tests="3" name="Test" time="48.088" errors="0" timestamp="2023-08-03T21:44:22 IST">
  <testcase classname="TestCases.RegisterTestCase" name="verifyRegister" time="11.149"/>
  <testcase classname="TestCases.SearchTestCase" name="Search" time="12.516"/>
  <testcase classname="TestCases.LoginTestCase" name="Login" time="1.777"/>
</testsuite> <!-- Test -->
