<?xml version="1.0" encoding="UTF-8"?>
<!-- Generated by org.testng.reporters.JUnitXMLReporter -->
<testsuite ignored="0" hostname="pitambar-Vostro-15-3568" failures="0" tests="3" name="Test" time="53.922" errors="0" timestamp="2023-08-24T17:41:05 IST">
  <testcase classname="TestCases.LoginTestCase" name="Login" time="2.16"/>
  <testcase classname="TestCases.RegisterTestCase" name="verifyRegister" time="11.342"/>
  <testcase classname="TestCases.SearchTestCase" name="Search" time="12.953"/>
</testsuite> <!-- Test -->
