<?xml version="1.0" encoding="UTF-8"?>
<testng-results ignored="0" total="3" passed="3" failed="0" skipped="0">
  <reporter-output>
  </reporter-output>
  <suite started-at="2023-08-03T21:43:34 IST" name="Suite" finished-at="2023-08-03T21:44:22 IST" duration-ms="48088">
    <groups>
    </groups>
    <test started-at="2023-08-03T21:43:34 IST" name="Test" finished-at="2023-08-03T21:44:22 IST" duration-ms="48088">
      <class name="TestCases.RegisterTestCase">
        <test-method is-config="true" signature="LaunchBrowserandUrl()[pri:0, instance:TestCases.RegisterTestCase@4d5650ae]" started-at="2023-08-03T21:43:34 IST" name="LaunchBrowserandUrl" finished-at="2023-08-03T21:43:45 IST" duration-ms="10799" status="PASS">
          <reporter-output>
          </reporter-output>
        </test-method> <!-- LaunchBrowserandUrl -->
        <test-method signature="verifyRegister()[pri:0, instance:TestCases.RegisterTestCase@4d5650ae]" started-at="2023-08-03T21:43:45 IST" name="verifyRegister" finished-at="2023-08-03T21:43:56 IST" duration-ms="11149" status="PASS">
          <reporter-output>
          </reporter-output>
        </test-method> <!-- verifyRegister -->
      </class> <!-- TestCases.RegisterTestCase -->
      <class name="TestCases.LoginTestCase">
        <test-method is-config="true" signature="LaunchBrowserandUrl()[pri:0, instance:TestCases.LoginTestCase@2e8c1c9b]" started-at="2023-08-03T21:44:14 IST" name="LaunchBrowserandUrl" finished-at="2023-08-03T21:44:20 IST" duration-ms="6062" status="PASS">
          <reporter-output>
          </reporter-output>
        </test-method> <!-- LaunchBrowserandUrl -->
        <test-method signature="Login()[pri:0, instance:TestCases.LoginTestCase@2e8c1c9b]" started-at="2023-08-03T21:44:20 IST" name="Login" finished-at="2023-08-03T21:44:22 IST" duration-ms="1777" status="PASS">
          <reporter-output>
          </reporter-output>
        </test-method> <!-- Login -->
      </class> <!-- TestCases.LoginTestCase -->
      <class name="TestCases.SearchTestCase">
        <test-method is-config="true" signature="LaunchBrowserandUrl()[pri:0, instance:TestCases.SearchTestCase@76a4ebf2]" started-at="2023-08-03T21:43:56 IST" name="LaunchBrowserandUrl" finished-at="2023-08-03T21:44:02 IST" duration-ms="5724" status="PASS">
          <reporter-output>
          </reporter-output>
        </test-method> <!-- LaunchBrowserandUrl -->
        <test-method signature="Search()[pri:0, instance:TestCases.SearchTestCase@76a4ebf2]" started-at="2023-08-03T21:44:02 IST" name="Search" finished-at="2023-08-03T21:44:14 IST" duration-ms="12516" status="PASS">
          <reporter-output>
          </reporter-output>
        </test-method> <!-- Search -->
      </class> <!-- TestCases.SearchTestCase -->
    </test> <!-- Test -->
  </suite> <!-- Suite -->
</testng-results>
