<?xml version="1.0" encoding="UTF-8"?>
<testng-results ignored="0" total="3" passed="3" failed="0" skipped="0">
  <reporter-output>
  </reporter-output>
  <suite started-at="2023-08-24T17:40:11 IST" name="Suite" finished-at="2023-08-24T17:41:05 IST" duration-ms="53922">
    <groups>
    </groups>
    <test started-at="2023-08-24T17:40:11 IST" name="Test" finished-at="2023-08-24T17:41:05 IST" duration-ms="53922">
      <class name="TestCases.RegisterTestCase">
        <test-method is-config="true" signature="LaunchBrowserandUrl()[pri:0, instance:TestCases.RegisterTestCase@76a4ebf2]" started-at="2023-08-24T17:40:26 IST" name="LaunchBrowserandUrl" finished-at="2023-08-24T17:40:32 IST" duration-ms="6415" status="PASS">
          <reporter-output>
          </reporter-output>
        </test-method> <!-- LaunchBrowserandUrl -->
        <test-method signature="verifyRegister()[pri:0, instance:TestCases.RegisterTestCase@76a4ebf2]" started-at="2023-08-24T17:40:32 IST" name="verifyRegister" finished-at="2023-08-24T17:40:43 IST" duration-ms="11342" status="PASS">
          <reporter-output>
          </reporter-output>
        </test-method> <!-- verifyRegister -->
      </class> <!-- TestCases.RegisterTestCase -->
      <class name="TestCases.LoginTestCase">
        <test-method is-config="true" signature="LaunchBrowserandUrl()[pri:0, instance:TestCases.LoginTestCase@4d5650ae]" started-at="2023-08-24T17:40:11 IST" name="LaunchBrowserandUrl" finished-at="2023-08-24T17:40:23 IST" duration-ms="12068" status="PASS">
          <reporter-output>
          </reporter-output>
        </test-method> <!-- LaunchBrowserandUrl -->
        <test-method signature="Login()[pri:0, instance:TestCases.LoginTestCase@4d5650ae]" started-at="2023-08-24T17:40:23 IST" name="Login" finished-at="2023-08-24T17:40:26 IST" duration-ms="2160" status="PASS">
          <reporter-output>
          </reporter-output>
        </test-method> <!-- Login -->
      </class> <!-- TestCases.LoginTestCase -->
      <class name="TestCases.SearchTestCase">
        <test-method is-config="true" signature="LaunchBrowserandUrl()[pri:0, instance:TestCases.SearchTestCase@2e8c1c9b]" started-at="2023-08-24T17:40:43 IST" name="LaunchBrowserandUrl" finished-at="2023-08-24T17:40:52 IST" duration-ms="8834" status="PASS">
          <reporter-output>
          </reporter-output>
        </test-method> <!-- LaunchBrowserandUrl -->
        <test-method signature="Search()[pri:0, instance:TestCases.SearchTestCase@2e8c1c9b]" started-at="2023-08-24T17:40:52 IST" name="Search" finished-at="2023-08-24T17:41:05 IST" duration-ms="12953" status="PASS">
          <reporter-output>
          </reporter-output>
        </test-method> <!-- Search -->
      </class> <!-- TestCases.SearchTestCase -->
    </test> <!-- Test -->
  </suite> <!-- Suite -->
</testng-results>
